<?xml version="1.0" encoding="UTF-8"?>
<testng-results ignored="0" total="1" passed="1" failed="0" skipped="0">
  <reporter-output>
  </reporter-output>
  <suite started-at="2022-09-07T12:59:29 COT" name="Testing TestNG Dummy tests" finished-at="2022-09-07T12:59:29 COT" duration-ms="53">
    <groups>
    </groups>
    <test started-at="2022-09-07T12:59:29 COT" name="Dummy" finished-at="2022-09-07T12:59:29 COT" duration-ms="53">
      <class name="DummyTest">
        <test-method signature="test1()[pri:0, instance:DummyTest@318ba8c8]" started-at="2022-09-07T12:59:29 COT" name="test1" finished-at="2022-09-07T12:59:29 COT" duration-ms="9" status="PASS">
          <reporter-output>
          </reporter-output>
        </test-method> <!-- test1 -->
      </class> <!-- DummyTest -->
    </test> <!-- Dummy -->
  </suite> <!-- Testing TestNG Dummy tests -->
</testng-results>
