<?xml version="1.0" encoding="UTF-8"?>
<testng-results ignored="0" total="2" passed="2" failed="0" skipped="0">
  <reporter-output>
  </reporter-output>
  <suite started-at="2022-09-07T15:59:36 COT" name="Testing TestNG Dummy tests" finished-at="2022-09-07T15:59:36 COT" duration-ms="232">
    <groups>
    </groups>
    <test started-at="2022-09-07T15:59:36 COT" name="Dummy" finished-at="2022-09-07T15:59:36 COT" duration-ms="232">
      <class name="DummyTest">
        <test-method signature="IndependentNewActionMovieTest()[pri:0, instance:DummyTest@614ca7df]" started-at="2022-09-07T15:59:36 COT" name="IndependentNewActionMovieTest" finished-at="2022-09-07T15:59:36 COT" duration-ms="89" status="PASS">
          <reporter-output>
          </reporter-output>
        </test-method> <!-- IndependentNewActionMovieTest -->
        <test-method signature="SumTest()[pri:0, instance:DummyTest@614ca7df]" started-at="2022-09-07T15:59:36 COT" name="SumTest" finished-at="2022-09-07T15:59:36 COT" duration-ms="4" status="PASS">
          <reporter-output>
          </reporter-output>
        </test-method> <!-- SumTest -->
      </class> <!-- DummyTest -->
    </test> <!-- Dummy -->
  </suite> <!-- Testing TestNG Dummy tests -->
</testng-results>
